d:\steamlibrary\donwloads\suicide.cc main version\ayyware csgo\release\antiantiaim.obj
d:\steamlibrary\donwloads\suicide.cc main version\ayyware csgo\release\entities.obj
d:\steamlibrary\donwloads\suicide.cc main version\ayyware csgo\release\gui.obj
d:\steamlibrary\donwloads\suicide.cc main version\ayyware csgo\release\interfaces.obj
d:\steamlibrary\donwloads\suicide.cc main version\ayyware csgo\release\menu.obj
d:\steamlibrary\donwloads\suicide.cc main version\ayyware csgo\release\offsets.obj
d:\steamlibrary\donwloads\suicide.cc main version\ayyware csgo\release\tinyxml2.obj
d:\steamlibrary\donwloads\suicide.cc main version\ayyware csgo\release\util functions.obj
d:\steamlibrary\donwloads\suicide.cc main version\ayyware csgo\release\autowall.obj
d:\steamlibrary\donwloads\suicide.cc main version\ayyware csgo\release\esp.obj
d:\steamlibrary\donwloads\suicide.cc main version\ayyware csgo\release\reflectiveloader.obj
d:\steamlibrary\donwloads\suicide.cc main version\ayyware csgo\release\legitbot.obj
d:\steamlibrary\donwloads\suicide.cc main version\ayyware csgo\release\metainfo.obj
d:\steamlibrary\donwloads\suicide.cc main version\ayyware csgo\release\netvars.obj
d:\steamlibrary\donwloads\suicide.cc main version\ayyware csgo\release\spoofedconvar.obj
d:\steamlibrary\donwloads\suicide.cc main version\ayyware csgo\release\window.obj
d:\steamlibrary\donwloads\suicide.cc main version\ayyware csgo\release\controls.obj
d:\steamlibrary\donwloads\suicide.cc main version\ayyware csgo\release\dllmain.obj
d:\steamlibrary\donwloads\suicide.cc main version\ayyware csgo\release\hacks.obj
d:\steamlibrary\donwloads\suicide.cc main version\ayyware csgo\release\mathfunctions.obj
d:\steamlibrary\donwloads\suicide.cc main version\ayyware csgo\release\netvarmanager.obj
d:\steamlibrary\donwloads\suicide.cc main version\ayyware csgo\release\rendermanager.obj
d:\steamlibrary\donwloads\suicide.cc main version\ayyware csgo\release\visual.obj
d:\steamlibrary\donwloads\suicide.cc main version\ayyware csgo\release\chams.obj
d:\steamlibrary\donwloads\suicide.cc main version\ayyware csgo\release\crc32.obj
d:\steamlibrary\donwloads\suicide.cc main version\ayyware csgo\release\dumping.obj
d:\steamlibrary\donwloads\suicide.cc main version\ayyware csgo\release\hooks.obj
d:\steamlibrary\donwloads\suicide.cc main version\ayyware csgo\release\mischacks.obj
d:\steamlibrary\donwloads\suicide.cc main version\ayyware csgo\release\ragebot.obj
d:\steamlibrary\donwloads\suicide.cc main version\ayyware csgo\release\utilities.obj
d:\steamlibrary\donwloads\suicide.cc main version\ayyware csgo\release\vc140.pdb
d:\steamlibrary\donwloads\suicide.cc main version\suicide.cc.dll
d:\steamlibrary\donwloads\suicide.cc main version\suicide.cc.pdb
d:\steamlibrary\donwloads\suicide.cc main version\suicide.cc.lib
d:\steamlibrary\donwloads\suicide.cc main version\suicide.cc.exp
d:\steamlibrary\donwloads\suicide.cc main version\ayyware csgo\..\suicide.cc.dll
d:\steamlibrary\donwloads\suicide.cc main version\ayyware csgo\release\suicide.cc.tlog\cl.command.1.tlog
d:\steamlibrary\donwloads\suicide.cc main version\ayyware csgo\release\suicide.cc.tlog\cl.read.1.tlog
d:\steamlibrary\donwloads\suicide.cc main version\ayyware csgo\release\suicide.cc.tlog\cl.write.1.tlog
d:\steamlibrary\donwloads\suicide.cc main version\ayyware csgo\release\suicide.cc.tlog\link.command.1.tlog
d:\steamlibrary\donwloads\suicide.cc main version\ayyware csgo\release\suicide.cc.tlog\link.read.1.tlog
d:\steamlibrary\donwloads\suicide.cc main version\ayyware csgo\release\suicide.cc.tlog\link.write.1.tlog
d:\steamlibrary\donwloads\suicide.cc main version\ayyware csgo\release\suicide.cc.tlog\suicide.cc.write.1u.tlog
