  Window.cpp
c:\users\enrico\downloads\suicide_cc_main_version\ayyware csgo\vector.h(196): warning C4244: "=": Konvertierung von "double" in "float", möglicher Datenverlust
c:\users\enrico\downloads\suicide_cc_main_version\ayyware csgo\vector.h(199): warning C4244: "Argument": Konvertierung von "double" in "vec_t", möglicher Datenverlust
c:\users\enrico\downloads\suicide_cc_main_version\ayyware csgo\vector.h(206): warning C4244: "Argument": Konvertierung von "double" in "const float", möglicher Datenverlust
c:\users\enrico\downloads\suicide_cc_main_version\ayyware csgo\vector.h(207): warning C4244: "Argument": Konvertierung von "double" in "const float", möglicher Datenverlust
c:\users\enrico\downloads\suicide_cc_main_version\ayyware csgo\entities.h(818): warning C4244: "Argument": Konvertierung von "ULONGLONG" in "float", möglicher Datenverlust
  Visual.cpp
c:\users\enrico\downloads\suicide_cc_main_version\ayyware csgo\vector.h(196): warning C4244: "=": Konvertierung von "double" in "float", möglicher Datenverlust
c:\users\enrico\downloads\suicide_cc_main_version\ayyware csgo\vector.h(199): warning C4244: "Argument": Konvertierung von "double" in "vec_t", möglicher Datenverlust
c:\users\enrico\downloads\suicide_cc_main_version\ayyware csgo\vector.h(206): warning C4244: "Argument": Konvertierung von "double" in "const float", möglicher Datenverlust
c:\users\enrico\downloads\suicide_cc_main_version\ayyware csgo\vector.h(207): warning C4244: "Argument": Konvertierung von "double" in "const float", möglicher Datenverlust
c:\users\enrico\downloads\suicide_cc_main_version\ayyware csgo\entities.h(818): warning C4244: "Argument": Konvertierung von "ULONGLONG" in "float", möglicher Datenverlust
c:\users\enrico\downloads\suicide_cc_main_version\ayyware csgo\visual.cpp(103): warning C4244: "Argument": Konvertierung von "vec_t" in "int", möglicher Datenverlust
c:\users\enrico\downloads\suicide_cc_main_version\ayyware csgo\visual.cpp(104): warning C4244: "Argument": Konvertierung von "vec_t" in "int", möglicher Datenverlust
c:\users\enrico\downloads\suicide_cc_main_version\ayyware csgo\visual.cpp(138): warning C4244: "Argument": Konvertierung von "vec_t" in "int", möglicher Datenverlust
c:\users\enrico\downloads\suicide_cc_main_version\ayyware csgo\visual.cpp(139): warning C4244: "Argument": Konvertierung von "vec_t" in "int", möglicher Datenverlust
c:\users\enrico\downloads\suicide_cc_main_version\ayyware csgo\visual.cpp(140): warning C4244: "Argument": Konvertierung von "vec_t" in "int", möglicher Datenverlust
c:\users\enrico\downloads\suicide_cc_main_version\ayyware csgo\visual.cpp(141): warning C4244: "Argument": Konvertierung von "vec_t" in "int", möglicher Datenverlust
c:\users\enrico\downloads\suicide_cc_main_version\ayyware csgo\visual.cpp(157): warning C4244: "Initialisierung": Konvertierung von "float" in "int", möglicher Datenverlust
c:\users\enrico\downloads\suicide_cc_main_version\ayyware csgo\visual.cpp(158): warning C4244: "Initialisierung": Konvertierung von "float" in "int", möglicher Datenverlust
c:\users\enrico\downloads\suicide_cc_main_version\ayyware csgo\visual.cpp(159): warning C4244: "Initialisierung": Konvertierung von "float" in "int", möglicher Datenverlust
  Utilities.cpp
  UTIL Functions.cpp
c:\users\enrico\downloads\suicide_cc_main_version\ayyware csgo\vector.h(196): warning C4244: "=": Konvertierung von "double" in "float", möglicher Datenverlust
c:\users\enrico\downloads\suicide_cc_main_version\ayyware csgo\vector.h(199): warning C4244: "Argument": Konvertierung von "double" in "vec_t", möglicher Datenverlust
c:\users\enrico\downloads\suicide_cc_main_version\ayyware csgo\vector.h(206): warning C4244: "Argument": Konvertierung von "double" in "const float", möglicher Datenverlust
c:\users\enrico\downloads\suicide_cc_main_version\ayyware csgo\vector.h(207): warning C4244: "Argument": Konvertierung von "double" in "const float", möglicher Datenverlust
c:\users\enrico\downloads\suicide_cc_main_version\ayyware csgo\entities.h(818): warning C4244: "Argument": Konvertierung von "ULONGLONG" in "float", möglicher Datenverlust
c:\users\enrico\downloads\suicide_cc_main_version\ayyware csgo\util functions.cpp(130): warning C4305: "=": Verkürzung von "double" in "vec_t"
c:\users\enrico\downloads\suicide_cc_main_version\ayyware csgo\util functions.cpp(131): warning C4305: "=": Verkürzung von "double" in "vec_t"
c:\users\enrico\downloads\suicide_cc_main_version\ayyware csgo\util functions.cpp(156): warning C4101: "shit3": Unreferenzierte lokale Variable
  tinyxml2.cpp
  SpoofedConvar.cpp
c:\users\enrico\downloads\suicide_cc_main_version\ayyware csgo\vector.h(196): warning C4244: "=": Konvertierung von "double" in "float", möglicher Datenverlust
c:\users\enrico\downloads\suicide_cc_main_version\ayyware csgo\vector.h(199): warning C4244: "Argument": Konvertierung von "double" in "vec_t", möglicher Datenverlust
c:\users\enrico\downloads\suicide_cc_main_version\ayyware csgo\vector.h(206): warning C4244: "Argument": Konvertierung von "double" in "const float", möglicher Datenverlust
c:\users\enrico\downloads\suicide_cc_main_version\ayyware csgo\vector.h(207): warning C4244: "Argument": Konvertierung von "double" in "const float", möglicher Datenverlust
c:\users\enrico\downloads\suicide_cc_main_version\ayyware csgo\entities.h(818): warning C4244: "Argument": Konvertierung von "ULONGLONG" in "float", möglicher Datenverlust
c:\users\enrico\downloads\suicide_cc_main_version\ayyware csgo\spoofedconvar.cpp(133): error C4996: 'strcpy': This function or variable may be unsafe. Consider using strcpy_s instead. To disable deprecation, use _CRT_SECURE_NO_WARNINGS. See online help for details.
  c:\program files (x86)\windows kits\10\include\10.0.10240.0\ucrt\string.h(119): note: Siehe Deklaration von "strcpy"
c:\users\enrico\downloads\suicide_cc_main_version\ayyware csgo\spoofedconvar.cpp(149): error C4996: 'strcpy': This function or variable may be unsafe. Consider using strcpy_s instead. To disable deprecation, use _CRT_SECURE_NO_WARNINGS. See online help for details.
  c:\program files (x86)\windows kits\10\include\10.0.10240.0\ucrt\string.h(119): note: Siehe Deklaration von "strcpy"
c:\users\enrico\downloads\suicide_cc_main_version\ayyware csgo\spoofedconvar.cpp(150): error C4996: 'strcpy': This function or variable may be unsafe. Consider using strcpy_s instead. To disable deprecation, use _CRT_SECURE_NO_WARNINGS. See online help for details.
  c:\program files (x86)\windows kits\10\include\10.0.10240.0\ucrt\string.h(119): note: Siehe Deklaration von "strcpy"
c:\users\enrico\downloads\suicide_cc_main_version\ayyware csgo\spoofedconvar.cpp(168): error C4996: 'strcpy': This function or variable may be unsafe. Consider using strcpy_s instead. To disable deprecation, use _CRT_SECURE_NO_WARNINGS. See online help for details.
  c:\program files (x86)\windows kits\10\include\10.0.10240.0\ucrt\string.h(119): note: Siehe Deklaration von "strcpy"
  RenderManager.cpp
c:\users\enrico\downloads\suicide_cc_main_version\ayyware csgo\vector.h(196): warning C4244: "=": Konvertierung von "double" in "float", möglicher Datenverlust
c:\users\enrico\downloads\suicide_cc_main_version\ayyware csgo\vector.h(199): warning C4244: "Argument": Konvertierung von "double" in "vec_t", möglicher Datenverlust
c:\users\enrico\downloads\suicide_cc_main_version\ayyware csgo\vector.h(206): warning C4244: "Argument": Konvertierung von "double" in "const float", möglicher Datenverlust
c:\users\enrico\downloads\suicide_cc_main_version\ayyware csgo\vector.h(207): warning C4244: "Argument": Konvertierung von "double" in "const float", möglicher Datenverlust
c:\users\enrico\downloads\suicide_cc_main_version\ayyware csgo\entities.h(818): warning C4244: "Argument": Konvertierung von "ULONGLONG" in "float", möglicher Datenverlust
c:\users\enrico\downloads\suicide_cc_main_version\ayyware csgo\rendermanager.cpp(139): warning C4244: "Initialisierung": Konvertierung von "int" in "float", möglicher Datenverlust
c:\users\enrico\downloads\suicide_cc_main_version\ayyware csgo\rendermanager.cpp(140): warning C4244: "Initialisierung": Konvertierung von "int" in "float", möglicher Datenverlust
c:\users\enrico\downloads\suicide_cc_main_version\ayyware csgo\rendermanager.cpp(141): warning C4244: "+=": Konvertierung von "double" in "float", möglicher Datenverlust
c:\users\enrico\downloads\suicide_cc_main_version\ayyware csgo\rendermanager.cpp(142): warning C4244: "-=": Konvertierung von "double" in "float", möglicher Datenverlust
c:\users\enrico\downloads\suicide_cc_main_version\ayyware csgo\rendermanager.cpp(260): warning C4244: "Initialisierung": Konvertierung von "int" in "float", möglicher Datenverlust
c:\users\enrico\downloads\suicide_cc_main_version\ayyware csgo\rendermanager.cpp(262): warning C4244: "Initialisierung": Konvertierung von "float" in "DWORD", möglicher Datenverlust
c:\users\enrico\downloads\suicide_cc_main_version\ayyware csgo\rendermanager.cpp(275): warning C4244: "Initialisierung": Konvertierung von "int" in "float", möglicher Datenverlust
c:\users\enrico\downloads\suicide_cc_main_version\ayyware csgo\rendermanager.cpp(277): warning C4244: "Initialisierung": Konvertierung von "float" in "DWORD", möglicher Datenverlust
c:\users\enrico\downloads\suicide_cc_main_version\ayyware csgo\rendermanager.cpp(303): warning C4244: "=": Konvertierung von "vec_t" in "int", möglicher Datenverlust
c:\users\enrico\downloads\suicide_cc_main_version\ayyware csgo\rendermanager.cpp(304): warning C4244: "=": Konvertierung von "vec_t" in "int", möglicher Datenverlust
c:\users\enrico\downloads\suicide_cc_main_version\ayyware csgo\rendermanager.cpp(317): warning C4244: "=": Konvertierung von "vec_t" in "int", möglicher Datenverlust
c:\users\enrico\downloads\suicide_cc_main_version\ayyware csgo\rendermanager.cpp(318): warning C4244: "=": Konvertierung von "vec_t" in "int", möglicher Datenverlust
c:\users\enrico\downloads\suicide_cc_main_version\ayyware csgo\rendermanager.cpp(336): warning C4244: "Argument": Konvertierung von "float" in "int", möglicher Datenverlust
  RageBot.cpp
c:\users\enrico\downloads\suicide_cc_main_version\ayyware csgo\vector.h(196): warning C4244: "=": Konvertierung von "double" in "float", möglicher Datenverlust
c:\users\enrico\downloads\suicide_cc_main_version\ayyware csgo\vector.h(199): warning C4244: "Argument": Konvertierung von "double" in "vec_t", möglicher Datenverlust
c:\users\enrico\downloads\suicide_cc_main_version\ayyware csgo\vector.h(206): warning C4244: "Argument": Konvertierung von "double" in "const float", möglicher Datenverlust
c:\users\enrico\downloads\suicide_cc_main_version\ayyware csgo\vector.h(207): warning C4244: "Argument": Konvertierung von "double" in "const float", möglicher Datenverlust
c:\users\enrico\downloads\suicide_cc_main_version\ayyware csgo\entities.h(818): warning C4244: "Argument": Konvertierung von "ULONGLONG" in "float", möglicher Datenverlust
c:\users\enrico\downloads\suicide_cc_main_version\ayyware csgo\ragebot.cpp(145): warning C4305: "=": Verkürzung von "double" in "float"
c:\users\enrico\downloads\suicide_cc_main_version\ayyware csgo\ragebot.cpp(558): warning C4244: "Initialisierung": Konvertierung von "vec_t" in "int", möglicher Datenverlust
c:\users\enrico\downloads\suicide_cc_main_version\ayyware csgo\ragebot.cpp(672): warning C4244: "Initialisierung": Konvertierung von "float" in "int", möglicher Datenverlust
c:\users\enrico\downloads\suicide_cc_main_version\ayyware csgo\ragebot.cpp(1138): warning C4244: "Argument": Konvertierung von "double" in "float", möglicher Datenverlust
c:\users\enrico\downloads\suicide_cc_main_version\ayyware csgo\ragebot.cpp(1142): warning C4244: "Initialisierung": Konvertierung von "int" in "float", möglicher Datenverlust
c:\users\enrico\downloads\suicide_cc_main_version\ayyware csgo\ragebot.cpp(1194): warning C4244: "Initialisierung": Konvertierung von "int" in "float", möglicher Datenverlust
c:\users\enrico\downloads\suicide_cc_main_version\ayyware csgo\ragebot.cpp(1215): warning C4244: "Initialisierung": Konvertierung von "int" in "float", möglicher Datenverlust
c:\users\enrico\downloads\suicide_cc_main_version\ayyware csgo\ragebot.cpp(1375): warning C4244: "=": Konvertierung von "double" in "vec_t", möglicher Datenverlust
c:\users\enrico\downloads\suicide_cc_main_version\ayyware csgo\ragebot.cpp(1382): warning C4244: "=": Konvertierung von "double" in "vec_t", möglicher Datenverlust
c:\users\enrico\downloads\suicide_cc_main_version\ayyware csgo\ragebot.cpp(1553): warning C4552: "+": Operator hat keine Auswirkungen; Operator mit Nebeneffekt erwartet
c:\users\enrico\downloads\suicide_cc_main_version\ayyware csgo\ragebot.cpp(1577): warning C4552: "+": Operator hat keine Auswirkungen; Operator mit Nebeneffekt erwartet
c:\users\enrico\downloads\suicide_cc_main_version\ayyware csgo\ragebot.cpp(1603): warning C4552: "+": Operator hat keine Auswirkungen; Operator mit Nebeneffekt erwartet
c:\users\enrico\downloads\suicide_cc_main_version\ayyware csgo\ragebot.cpp(1635): warning C4244: "Initialisierung": Konvertierung von "int" in "float", möglicher Datenverlust
c:\users\enrico\downloads\suicide_cc_main_version\ayyware csgo\ragebot.cpp(1640): warning C4244: "Initialisierung": Konvertierung von "int" in "float", möglicher Datenverlust
c:\users\enrico\downloads\suicide_cc_main_version\ayyware csgo\ragebot.cpp(1653): warning C4244: "Initialisierung": Konvertierung von "double" in "int", möglicher Datenverlust
c:\users\enrico\downloads\suicide_cc_main_version\ayyware csgo\ragebot.cpp(1744): warning C4305: "=": Verkürzung von "int" in "float"
c:\users\enrico\downloads\suicide_cc_main_version\ayyware csgo\ragebot.cpp(1747): warning C4305: "=": Verkürzung von "int" in "float"
c:\users\enrico\downloads\suicide_cc_main_version\ayyware csgo\ragebot.cpp(1783): warning C4244: "Initialisierung": Konvertierung von "double" in "int", möglicher Datenverlust
c:\users\enrico\downloads\suicide_cc_main_version\ayyware csgo\ragebot.cpp(1884): warning C4244: "=": Konvertierung von "float" in "int", möglicher Datenverlust
c:\users\enrico\downloads\suicide_cc_main_version\ayyware csgo\ragebot.cpp(1921): warning C4244: "=": Konvertierung von "float" in "int", möglicher Datenverlust
c:\users\enrico\downloads\suicide_cc_main_version\ayyware csgo\ragebot.cpp(2021): warning C4101: "pLocalEntity": Unreferenzierte lokale Variable
c:\users\enrico\downloads\suicide_cc_main_version\ayyware csgo\ragebot.cpp(2020): warning C4101: "pEntity": Unreferenzierte lokale Variable
  Offsets.cpp
c:\users\enrico\downloads\suicide_cc_main_version\ayyware csgo\vector.h(196): warning C4244: "=": Konvertierung von "double" in "float", möglicher Datenverlust
c:\users\enrico\downloads\suicide_cc_main_version\ayyware csgo\vector.h(199): warning C4244: "Argument": Konvertierung von "double" in "vec_t", möglicher Datenverlust
c:\users\enrico\downloads\suicide_cc_main_version\ayyware csgo\vector.h(206): warning C4244: "Argument": Konvertierung von "double" in "const float", möglicher Datenverlust
c:\users\enrico\downloads\suicide_cc_main_version\ayyware csgo\vector.h(207): warning C4244: "Argument": Konvertierung von "double" in "const float", möglicher Datenverlust
c:\users\enrico\downloads\suicide_cc_main_version\ayyware csgo\entities.h(818): warning C4244: "Argument": Konvertierung von "ULONGLONG" in "float", möglicher Datenverlust
  NetVars.cpp
c:\users\enrico\downloads\suicide_cc_main_version\ayyware csgo\vector.h(196): warning C4244: "=": Konvertierung von "double" in "float", möglicher Datenverlust
c:\users\enrico\downloads\suicide_cc_main_version\ayyware csgo\vector.h(199): warning C4244: "Argument": Konvertierung von "double" in "vec_t", möglicher Datenverlust
c:\users\enrico\downloads\suicide_cc_main_version\ayyware csgo\vector.h(206): warning C4244: "Argument": Konvertierung von "double" in "const float", möglicher Datenverlust
c:\users\enrico\downloads\suicide_cc_main_version\ayyware csgo\vector.h(207): warning C4244: "Argument": Konvertierung von "double" in "const float", möglicher Datenverlust
c:\users\enrico\downloads\suicide_cc_main_version\ayyware csgo\entities.h(818): warning C4244: "Argument": Konvertierung von "ULONGLONG" in "float", möglicher Datenverlust
  NetVarManager.cpp
c:\users\enrico\downloads\suicide_cc_main_version\ayyware csgo\vector.h(196): warning C4244: "=": Konvertierung von "double" in "float", möglicher Datenverlust
c:\users\enrico\downloads\suicide_cc_main_version\ayyware csgo\vector.h(199): warning C4244: "Argument": Konvertierung von "double" in "vec_t", möglicher Datenverlust
c:\users\enrico\downloads\suicide_cc_main_version\ayyware csgo\vector.h(206): warning C4244: "Argument": Konvertierung von "double" in "const float", möglicher Datenverlust
c:\users\enrico\downloads\suicide_cc_main_version\ayyware csgo\vector.h(207): warning C4244: "Argument": Konvertierung von "double" in "const float", möglicher Datenverlust
c:\users\enrico\downloads\suicide_cc_main_version\ayyware csgo\entities.h(818): warning C4244: "Argument": Konvertierung von "ULONGLONG" in "float", möglicher Datenverlust
c:\users\enrico\downloads\suicide_cc_main_version\ayyware csgo\netvarmanager.cpp(155): error C4996: 'sprintf': This function or variable may be unsafe. Consider using sprintf_s instead. To disable deprecation, use _CRT_SECURE_NO_WARNINGS. See online help for details.
  c:\program files (x86)\windows kits\10\include\10.0.10240.0\ucrt\stdio.h(1769): note: Siehe Deklaration von "sprintf"
c:\users\enrico\downloads\suicide_cc_main_version\ayyware csgo\netvarmanager.cpp(166): error C4996: 'sprintf': This function or variable may be unsafe. Consider using sprintf_s instead. To disable deprecation, use _CRT_SECURE_NO_WARNINGS. See online help for details.
  c:\program files (x86)\windows kits\10\include\10.0.10240.0\ucrt\stdio.h(1769): note: Siehe Deklaration von "sprintf"
c:\users\enrico\downloads\suicide_cc_main_version\ayyware csgo\netvarmanager.cpp(179): error C4996: 'sprintf': This function or variable may be unsafe. Consider using sprintf_s instead. To disable deprecation, use _CRT_SECURE_NO_WARNINGS. See online help for details.
  c:\program files (x86)\windows kits\10\include\10.0.10240.0\ucrt\stdio.h(1769): note: Siehe Deklaration von "sprintf"
c:\users\enrico\downloads\suicide_cc_main_version\ayyware csgo\netvarmanager.cpp(197): warning C4018: "<": Konflikt zwischen "signed" und "unsigned"
c:\users\enrico\downloads\suicide_cc_main_version\ayyware csgo\netvarmanager.cpp(200): warning C4018: "<": Konflikt zwischen "signed" und "unsigned"
  MiscHacks.cpp
c:\users\enrico\downloads\suicide_cc_main_version\ayyware csgo\vector.h(196): warning C4244: "=": Konvertierung von "double" in "float", möglicher Datenverlust
c:\users\enrico\downloads\suicide_cc_main_version\ayyware csgo\vector.h(199): warning C4244: "Argument": Konvertierung von "double" in "vec_t", möglicher Datenverlust
c:\users\enrico\downloads\suicide_cc_main_version\ayyware csgo\vector.h(206): warning C4244: "Argument": Konvertierung von "double" in "const float", möglicher Datenverlust
c:\users\enrico\downloads\suicide_cc_main_version\ayyware csgo\vector.h(207): warning C4244: "Argument": Konvertierung von "double" in "const float", möglicher Datenverlust
c:\users\enrico\downloads\suicide_cc_main_version\ayyware csgo\entities.h(818): warning C4244: "Argument": Konvertierung von "ULONGLONG" in "float", möglicher Datenverlust
c:\users\enrico\downloads\suicide_cc_main_version\ayyware csgo\mischacks.cpp(464): warning C4244: "Initialisierung": Konvertierung von "float" in "int", möglicher Datenverlust
c:\users\enrico\downloads\suicide_cc_main_version\ayyware csgo\mischacks.cpp(489): warning C4244: "Initialisierung": Konvertierung von "float" in "int", möglicher Datenverlust
  MetaInfo.cpp
  Menu.cpp
c:\users\enrico\downloads\suicide_cc_main_version\ayyware csgo\vector.h(196): warning C4244: "=": Konvertierung von "double" in "float", möglicher Datenverlust
c:\users\enrico\downloads\suicide_cc_main_version\ayyware csgo\vector.h(199): warning C4244: "Argument": Konvertierung von "double" in "vec_t", möglicher Datenverlust
c:\users\enrico\downloads\suicide_cc_main_version\ayyware csgo\vector.h(206): warning C4244: "Argument": Konvertierung von "double" in "const float", möglicher Datenverlust
c:\users\enrico\downloads\suicide_cc_main_version\ayyware csgo\vector.h(207): warning C4244: "Argument": Konvertierung von "double" in "const float", möglicher Datenverlust
c:\users\enrico\downloads\suicide_cc_main_version\ayyware csgo\entities.h(818): warning C4244: "Argument": Konvertierung von "ULONGLONG" in "float", möglicher Datenverlust
c:\users\enrico\downloads\suicide_cc_main_version\ayyware csgo\menu.cpp(1958): warning C4305: "Argument": Verkürzung von "double" in "float"
c:\users\enrico\downloads\suicide_cc_main_version\ayyware csgo\menu.cpp(2179): warning C4806: "==": unsichere Operation: kein Wert vom Typ "bool" erweitert auf Typ "int" kann mit der angegebenen Konstante übereinstimmen
  MathFunctions.cpp
c:\users\enrico\downloads\suicide_cc_main_version\ayyware csgo\vector.h(196): warning C4244: "=": Konvertierung von "double" in "float", möglicher Datenverlust
c:\users\enrico\downloads\suicide_cc_main_version\ayyware csgo\vector.h(199): warning C4244: "Argument": Konvertierung von "double" in "vec_t", möglicher Datenverlust
c:\users\enrico\downloads\suicide_cc_main_version\ayyware csgo\vector.h(206): warning C4244: "Argument": Konvertierung von "double" in "const float", möglicher Datenverlust
c:\users\enrico\downloads\suicide_cc_main_version\ayyware csgo\vector.h(207): warning C4244: "Argument": Konvertierung von "double" in "const float", möglicher Datenverlust
c:\users\enrico\downloads\suicide_cc_main_version\ayyware csgo\vector.h(226): warning C4244: "return": Konvertierung von "double" in "float", möglicher Datenverlust
c:\users\enrico\downloads\suicide_cc_main_version\ayyware csgo\entities.h(818): warning C4244: "Argument": Konvertierung von "ULONGLONG" in "float", möglicher Datenverlust
c:\users\enrico\downloads\suicide_cc_main_version\ayyware csgo\mathfunctions.cpp(138): warning C4244: "=": Konvertierung von "double" in "vec_t", möglicher Datenverlust
  LegitBot.cpp
c:\users\enrico\downloads\suicide_cc_main_version\ayyware csgo\vector.h(196): warning C4244: "=": Konvertierung von "double" in "float", möglicher Datenverlust
c:\users\enrico\downloads\suicide_cc_main_version\ayyware csgo\vector.h(199): warning C4244: "Argument": Konvertierung von "double" in "vec_t", möglicher Datenverlust
c:\users\enrico\downloads\suicide_cc_main_version\ayyware csgo\vector.h(206): warning C4244: "Argument": Konvertierung von "double" in "const float", möglicher Datenverlust
c:\users\enrico\downloads\suicide_cc_main_version\ayyware csgo\vector.h(207): warning C4244: "Argument": Konvertierung von "double" in "const float", möglicher Datenverlust
c:\users\enrico\downloads\suicide_cc_main_version\ayyware csgo\entities.h(818): warning C4244: "Argument": Konvertierung von "ULONGLONG" in "float", möglicher Datenverlust
c:\users\enrico\downloads\suicide_cc_main_version\ayyware csgo\legitbot.cpp(293): warning C4804: "<=": unsichere Verwendung des Typs "bool" in einer Operation
c:\users\enrico\downloads\suicide_cc_main_version\ayyware csgo\legitbot.cpp(295): warning C4551: Dem Funktionsaufruf fehlt die Argumentliste
c:\users\enrico\downloads\suicide_cc_main_version\ayyware csgo\legitbot.cpp(295): warning C4804: "<": unsichere Verwendung des Typs "bool" in einer Operation
c:\users\enrico\downloads\suicide_cc_main_version\ayyware csgo\legitbot.cpp(451): warning C4244: "Argument": Konvertierung von "int" in "vec_t", möglicher Datenverlust
  Interfaces.cpp
c:\users\enrico\downloads\suicide_cc_main_version\ayyware csgo\vector.h(196): warning C4244: "=": Konvertierung von "double" in "float", möglicher Datenverlust
c:\users\enrico\downloads\suicide_cc_main_version\ayyware csgo\vector.h(199): warning C4244: "Argument": Konvertierung von "double" in "vec_t", möglicher Datenverlust
c:\users\enrico\downloads\suicide_cc_main_version\ayyware csgo\vector.h(206): warning C4244: "Argument": Konvertierung von "double" in "const float", möglicher Datenverlust
c:\users\enrico\downloads\suicide_cc_main_version\ayyware csgo\vector.h(207): warning C4244: "Argument": Konvertierung von "double" in "const float", möglicher Datenverlust
c:\users\enrico\downloads\suicide_cc_main_version\ayyware csgo\entities.h(818): warning C4244: "Argument": Konvertierung von "ULONGLONG" in "float", möglicher Datenverlust
  ReflectiveLoader.cpp
  Hooks.cpp
c:\users\enrico\downloads\suicide_cc_main_version\ayyware csgo\vector.h(196): warning C4244: "=": Konvertierung von "double" in "float", möglicher Datenverlust
c:\users\enrico\downloads\suicide_cc_main_version\ayyware csgo\vector.h(199): warning C4244: "Argument": Konvertierung von "double" in "vec_t", möglicher Datenverlust
c:\users\enrico\downloads\suicide_cc_main_version\ayyware csgo\vector.h(206): warning C4244: "Argument": Konvertierung von "double" in "const float", möglicher Datenverlust
c:\users\enrico\downloads\suicide_cc_main_version\ayyware csgo\vector.h(207): warning C4244: "Argument": Konvertierung von "double" in "const float", möglicher Datenverlust
c:\users\enrico\downloads\suicide_cc_main_version\ayyware csgo\entities.h(818): warning C4244: "Argument": Konvertierung von "ULONGLONG" in "float", möglicher Datenverlust
c:\users\enrico\downloads\suicide_cc_main_version\ayyware csgo\sounds.h(34969): warning C4838: Konvertierung von "int" zu "char" erfordert eine einschränkende Konvertierung
c:\users\enrico\downloads\suicide_cc_main_version\ayyware csgo\sounds.h(34969): warning C4309: "Initialisierung": Verkürzung eines konstanten Wertes
c:\users\enrico\downloads\suicide_cc_main_version\ayyware csgo\sounds.h(44009): warning C4838: Konvertierung von "int" zu "char" erfordert eine einschränkende Konvertierung
c:\users\enrico\downloads\suicide_cc_main_version\ayyware csgo\sounds.h(44009): warning C4309: "Initialisierung": Verkürzung eines konstanten Wertes
c:\users\enrico\downloads\suicide_cc_main_version\ayyware csgo\sounds.h(52385): warning C4838: Konvertierung von "int" zu "char" erfordert eine einschränkende Konvertierung
c:\users\enrico\downloads\suicide_cc_main_version\ayyware csgo\sounds.h(52385): warning C4309: "Initialisierung": Verkürzung eines konstanten Wertes
c:\users\enrico\downloads\suicide_cc_main_version\ayyware csgo\sounds.h(76303): warning C4838: Konvertierung von "int" zu "char" erfordert eine einschränkende Konvertierung
c:\users\enrico\downloads\suicide_cc_main_version\ayyware csgo\sounds.h(76303): warning C4309: "Initialisierung": Verkürzung eines konstanten Wertes
c:\users\enrico\downloads\suicide_cc_main_version\ayyware csgo\sounds.h(77288): warning C4838: Konvertierung von "int" zu "char" erfordert eine einschränkende Konvertierung
c:\users\enrico\downloads\suicide_cc_main_version\ayyware csgo\sounds.h(77288): warning C4309: "Initialisierung": Verkürzung eines konstanten Wertes
c:\users\enrico\downloads\suicide_cc_main_version\ayyware csgo\hooks.cpp(30): warning C4244: "return": Konvertierung von "double" in "float", möglicher Datenverlust
c:\users\enrico\downloads\suicide_cc_main_version\ayyware csgo\hooks.cpp(86): warning C4244: "Initialisierung": Konvertierung von "int" in "float", möglicher Datenverlust
c:\users\enrico\downloads\suicide_cc_main_version\ayyware csgo\hooks.cpp(95): warning C4018: "<": Konflikt zwischen "signed" und "unsigned"
c:\users\enrico\downloads\suicide_cc_main_version\ayyware csgo\hooks.cpp(113): warning C4018: "<": Konflikt zwischen "signed" und "unsigned"
c:\users\enrico\downloads\suicide_cc_main_version\ayyware csgo\hooks.cpp(121): warning C4244: "Argument": Konvertierung von "float" in "int", möglicher Datenverlust
c:\users\enrico\downloads\suicide_cc_main_version\ayyware csgo\hooks.cpp(126): warning C4018: "<": Konflikt zwischen "signed" und "unsigned"
c:\users\enrico\downloads\suicide_cc_main_version\ayyware csgo\hooks.cpp(313): warning C4244: "Initialisierung": Konvertierung von "float" in "int", möglicher Datenverlust
c:\users\enrico\downloads\suicide_cc_main_version\ayyware csgo\hooks.cpp(323): warning C4244: "Initialisierung": Konvertierung von "float" in "int", möglicher Datenverlust
c:\users\enrico\downloads\suicide_cc_main_version\ayyware csgo\hooks.cpp(365): warning C4244: "Initialisierung": Konvertierung von "float" in "int", möglicher Datenverlust
c:\users\enrico\downloads\suicide_cc_main_version\ayyware csgo\hooks.cpp(423): error C4996: 'localtime': This function or variable may be unsafe. Consider using localtime_s instead. To disable deprecation, use _CRT_SECURE_NO_WARNINGS. See online help for details.
  c:\program files (x86)\windows kits\10\include\10.0.10240.0\ucrt\time.h(505): note: Siehe Deklaration von "localtime"
c:\users\enrico\downloads\suicide_cc_main_version\ayyware csgo\hooks.cpp(633): warning C4305: "Argument": Verkürzung von "double" in "float"
c:\users\enrico\downloads\suicide_cc_main_version\ayyware csgo\hooks.cpp(656): warning C4305: "Argument": Verkürzung von "double" in "float"
c:\users\enrico\downloads\suicide_cc_main_version\ayyware csgo\hooks.cpp(509): warning C4101: "pNet": Unreferenzierte lokale Variable
c:\users\enrico\downloads\suicide_cc_main_version\ayyware csgo\hooks.cpp(508): warning C4101: "pClient": Unreferenzierte lokale Variable
c:\users\enrico\downloads\suicide_cc_main_version\ayyware csgo\hooks.cpp(510): warning C4101: "pInput": Unreferenzierte lokale Variable
c:\users\enrico\downloads\suicide_cc_main_version\ayyware csgo\hooks.cpp(713): warning C4244: "Initialisierung": Konvertierung von "int" in "float", möglicher Datenverlust
c:\users\enrico\downloads\suicide_cc_main_version\ayyware csgo\hooks.cpp(716): warning C4244: "Argument": Konvertierung von "float" in "int", möglicher Datenverlust
c:\users\enrico\downloads\suicide_cc_main_version\ayyware csgo\hooks.cpp(717): warning C4244: "Argument": Konvertierung von "float" in "int", möglicher Datenverlust
c:\users\enrico\downloads\suicide_cc_main_version\ayyware csgo\hooks.cpp(714): warning C4101: "pEvent": Unreferenzierte lokale Variable
c:\users\enrico\downloads\suicide_cc_main_version\ayyware csgo\hooks.cpp(882): warning C4305: "Argument": Verkürzung von "double" in "float"
c:\users\enrico\downloads\suicide_cc_main_version\ayyware csgo\hooks.cpp(936): warning C4305: "Argument": Verkürzung von "double" in "float"
c:\users\enrico\downloads\suicide_cc_main_version\ayyware csgo\hooks.cpp(977): warning C4244: "Initialisierung": Konvertierung von "vec_t" in "int", möglicher Datenverlust
  Hacks.cpp
c:\users\enrico\downloads\suicide_cc_main_version\ayyware csgo\vector.h(196): warning C4244: "=": Konvertierung von "double" in "float", möglicher Datenverlust
c:\users\enrico\downloads\suicide_cc_main_version\ayyware csgo\vector.h(199): warning C4244: "Argument": Konvertierung von "double" in "vec_t", möglicher Datenverlust
c:\users\enrico\downloads\suicide_cc_main_version\ayyware csgo\vector.h(206): warning C4244: "Argument": Konvertierung von "double" in "const float", möglicher Datenverlust
c:\users\enrico\downloads\suicide_cc_main_version\ayyware csgo\vector.h(207): warning C4244: "Argument": Konvertierung von "double" in "const float", möglicher Datenverlust
c:\users\enrico\downloads\suicide_cc_main_version\ayyware csgo\entities.h(818): warning C4244: "Argument": Konvertierung von "ULONGLONG" in "float", möglicher Datenverlust
c:\users\enrico\downloads\suicide_cc_main_version\ayyware csgo\hacks.cpp(185): warning C4305: "=": Verkürzung von "double" in "vec_t"
  Code wird generiert...
c:\users\enrico\downloads\suicide_cc_main_version\ayyware csgo\ragebot.cpp(134): error C4700: Die nicht initialisierte lokale Variable "chance" wurde verwendet.
  Kompilieren...
  GUI.cpp
c:\users\enrico\downloads\suicide_cc_main_version\ayyware csgo\vector.h(196): warning C4244: "=": Konvertierung von "double" in "float", möglicher Datenverlust
c:\users\enrico\downloads\suicide_cc_main_version\ayyware csgo\vector.h(199): warning C4244: "Argument": Konvertierung von "double" in "vec_t", möglicher Datenverlust
c:\users\enrico\downloads\suicide_cc_main_version\ayyware csgo\vector.h(206): warning C4244: "Argument": Konvertierung von "double" in "const float", möglicher Datenverlust
c:\users\enrico\downloads\suicide_cc_main_version\ayyware csgo\vector.h(207): warning C4244: "Argument": Konvertierung von "double" in "const float", möglicher Datenverlust
c:\users\enrico\downloads\suicide_cc_main_version\ayyware csgo\entities.h(818): warning C4244: "Argument": Konvertierung von "ULONGLONG" in "float", möglicher Datenverlust
c:\users\enrico\downloads\suicide_cc_main_version\ayyware csgo\gui.cpp(47): warning C4244: "Argument": Konvertierung von "LONG" in "vec_t", möglicher Datenverlust
c:\users\enrico\downloads\suicide_cc_main_version\ayyware csgo\gui.cpp(48): warning C4244: "Argument": Konvertierung von "LONG" in "vec_t", möglicher Datenverlust
c:\users\enrico\downloads\suicide_cc_main_version\ayyware csgo\gui.cpp(49): warning C4244: "Argument": Konvertierung von "LONG" in "vec_t", möglicher Datenverlust
c:\users\enrico\downloads\suicide_cc_main_version\ayyware csgo\gui.cpp(66): warning C4800: "SHORT": Variable wird auf booleschen Wert ("True" oder "False") gesetzt (Auswirkungen auf Leistungsverhalten möglich)
c:\users\enrico\downloads\suicide_cc_main_version\ayyware csgo\gui.cpp(297): warning C4244: "Argument": Konvertierung von "float" in "int", möglicher Datenverlust
c:\users\enrico\downloads\suicide_cc_main_version\ayyware csgo\gui.cpp(298): warning C4244: "Argument": Konvertierung von "float" in "int", möglicher Datenverlust
c:\users\enrico\downloads\suicide_cc_main_version\ayyware csgo\gui.cpp(299): warning C4244: "Argument": Konvertierung von "float" in "int", möglicher Datenverlust
c:\users\enrico\downloads\suicide_cc_main_version\ayyware csgo\gui.cpp(300): warning C4244: "Argument": Konvertierung von "float" in "int", möglicher Datenverlust
c:\users\enrico\downloads\suicide_cc_main_version\ayyware csgo\gui.cpp(301): warning C4244: "Argument": Konvertierung von "float" in "int", möglicher Datenverlust
c:\users\enrico\downloads\suicide_cc_main_version\ayyware csgo\gui.cpp(304): warning C4244: "Argument": Konvertierung von "float" in "int", möglicher Datenverlust
c:\users\enrico\downloads\suicide_cc_main_version\ayyware csgo\gui.cpp(306): warning C4244: "Argument": Konvertierung von "float" in "int", möglicher Datenverlust
c:\users\enrico\downloads\suicide_cc_main_version\ayyware csgo\gui.cpp(308): warning C4244: "Argument": Konvertierung von "float" in "int", möglicher Datenverlust
c:\users\enrico\downloads\suicide_cc_main_version\ayyware csgo\gui.cpp(309): warning C4244: "Argument": Konvertierung von "float" in "int", möglicher Datenverlust
c:\users\enrico\downloads\suicide_cc_main_version\ayyware csgo\gui.cpp(312): warning C4244: "Argument": Konvertierung von "float" in "int", möglicher Datenverlust
c:\users\enrico\downloads\suicide_cc_main_version\ayyware csgo\gui.cpp(313): warning C4244: "Argument": Konvertierung von "float" in "int", möglicher Datenverlust
c:\users\enrico\downloads\suicide_cc_main_version\ayyware csgo\gui.cpp(349): warning C4244: "Initialisierung": Konvertierung von "int" in "float", möglicher Datenverlust
c:\users\enrico\downloads\suicide_cc_main_version\ayyware csgo\gui.cpp(350): warning C4244: "Initialisierung": Konvertierung von "int" in "float", möglicher Datenverlust
c:\users\enrico\downloads\suicide_cc_main_version\ayyware csgo\gui.cpp(354): warning C4838: Konvertierung von "float" zu "LONG" erfordert eine einschränkende Konvertierung
c:\users\enrico\downloads\suicide_cc_main_version\ayyware csgo\gui.cpp(354): warning C4244: "Initialisierung": Konvertierung von "float" in "LONG", möglicher Datenverlust
c:\users\enrico\downloads\suicide_cc_main_version\ayyware csgo\gui.cpp(362): warning C4838: Konvertierung von "float" zu "LONG" erfordert eine einschränkende Konvertierung
c:\users\enrico\downloads\suicide_cc_main_version\ayyware csgo\gui.cpp(362): warning C4244: "Initialisierung": Konvertierung von "float" in "LONG", möglicher Datenverlust
c:\users\enrico\downloads\suicide_cc_main_version\ayyware csgo\gui.cpp(373): warning C4244: "=": Konvertierung von "LONG" in "float", möglicher Datenverlust
c:\users\enrico\downloads\suicide_cc_main_version\ayyware csgo\gui.cpp(374): warning C4244: "Argument": Konvertierung von "float" in "int", möglicher Datenverlust
c:\users\enrico\downloads\suicide_cc_main_version\ayyware csgo\gui.cpp(375): warning C4244: "Argument": Konvertierung von "float" in "int", möglicher Datenverlust
c:\users\enrico\downloads\suicide_cc_main_version\ayyware csgo\gui.cpp(376): warning C4244: "Argument": Konvertierung von "float" in "int", möglicher Datenverlust
c:\users\enrico\downloads\suicide_cc_main_version\ayyware csgo\gui.cpp(377): warning C4244: "Argument": Konvertierung von "float" in "int", möglicher Datenverlust
c:\users\enrico\downloads\suicide_cc_main_version\ayyware csgo\gui.cpp(380): warning C4244: "=": Konvertierung von "LONG" in "float", möglicher Datenverlust
c:\users\enrico\downloads\suicide_cc_main_version\ayyware csgo\gui.cpp(381): warning C4244: "Argument": Konvertierung von "float" in "int", möglicher Datenverlust
c:\users\enrico\downloads\suicide_cc_main_version\ayyware csgo\gui.cpp(619): warning C4244: "Argument": Konvertierung von "double" in "float", möglicher Datenverlust
c:\users\enrico\downloads\suicide_cc_main_version\ayyware csgo\gui.cpp(620): warning C4244: "Argument": Konvertierung von "double" in "float", möglicher Datenverlust
  ESP.cpp
c:\users\enrico\downloads\suicide_cc_main_version\ayyware csgo\vector.h(196): warning C4244: "=": Konvertierung von "double" in "float", möglicher Datenverlust
c:\users\enrico\downloads\suicide_cc_main_version\ayyware csgo\vector.h(199): warning C4244: "Argument": Konvertierung von "double" in "vec_t", möglicher Datenverlust
c:\users\enrico\downloads\suicide_cc_main_version\ayyware csgo\vector.h(206): warning C4244: "Argument": Konvertierung von "double" in "const float", möglicher Datenverlust
c:\users\enrico\downloads\suicide_cc_main_version\ayyware csgo\vector.h(207): warning C4244: "Argument": Konvertierung von "double" in "const float", möglicher Datenverlust
c:\users\enrico\downloads\suicide_cc_main_version\ayyware csgo\entities.h(818): warning C4244: "Argument": Konvertierung von "ULONGLONG" in "float", möglicher Datenverlust
c:\users\enrico\downloads\suicide_cc_main_version\ayyware csgo\esp.cpp(71): warning C4390: ";": Leere kontrollierte Anweisung aufgetreten; ist dies beabsichtigt?
c:\users\enrico\downloads\suicide_cc_main_version\ayyware csgo\esp.cpp(103): warning C4552: "<": Operator hat keine Auswirkungen; Operator mit Nebeneffekt erwartet
c:\users\enrico\downloads\suicide_cc_main_version\ayyware csgo\esp.cpp(137): warning C4244: "Initialisierung": Konvertierung von "int" in "float", möglicher Datenverlust
c:\users\enrico\downloads\suicide_cc_main_version\ayyware csgo\esp.cpp(142): warning C4244: "Argument": Konvertierung von "float" in "int", möglicher Datenverlust
c:\users\enrico\downloads\suicide_cc_main_version\ayyware csgo\esp.cpp(143): warning C4244: "Argument": Konvertierung von "float" in "int", möglicher Datenverlust
c:\users\enrico\downloads\suicide_cc_main_version\ayyware csgo\esp.cpp(144): warning C4244: "Argument": Konvertierung von "float" in "int", möglicher Datenverlust
c:\users\enrico\downloads\suicide_cc_main_version\ayyware csgo\esp.cpp(147): warning C4244: "Argument": Konvertierung von "float" in "int", möglicher Datenverlust
c:\users\enrico\downloads\suicide_cc_main_version\ayyware csgo\esp.cpp(406): warning C4244: "=": Konvertierung von "float" in "int", möglicher Datenverlust
c:\users\enrico\downloads\suicide_cc_main_version\ayyware csgo\esp.cpp(407): warning C4244: "=": Konvertierung von "float" in "int", möglicher Datenverlust
c:\users\enrico\downloads\suicide_cc_main_version\ayyware csgo\esp.cpp(408): warning C4244: "=": Konvertierung von "float" in "int", möglicher Datenverlust
c:\users\enrico\downloads\suicide_cc_main_version\ayyware csgo\esp.cpp(409): warning C4244: "=": Konvertierung von "float" in "int", möglicher Datenverlust
c:\users\enrico\downloads\suicide_cc_main_version\ayyware csgo\esp.cpp(420): warning C4244: "Initialisierung": Konvertierung von "float" in "int", möglicher Datenverlust
c:\users\enrico\downloads\suicide_cc_main_version\ayyware csgo\esp.cpp(421): warning C4244: "Initialisierung": Konvertierung von "float" in "int", möglicher Datenverlust
c:\users\enrico\downloads\suicide_cc_main_version\ayyware csgo\esp.cpp(422): warning C4244: "Initialisierung": Konvertierung von "float" in "int", möglicher Datenverlust
c:\users\enrico\downloads\suicide_cc_main_version\ayyware csgo\esp.cpp(423): warning C4244: "Initialisierung": Konvertierung von "float" in "int", möglicher Datenverlust
c:\users\enrico\downloads\suicide_cc_main_version\ayyware csgo\esp.cpp(425): warning C4244: "Initialisierung": Konvertierung von "float" in "int", möglicher Datenverlust
c:\users\enrico\downloads\suicide_cc_main_version\ayyware csgo\esp.cpp(426): warning C4244: "Initialisierung": Konvertierung von "float" in "int", möglicher Datenverlust
c:\users\enrico\downloads\suicide_cc_main_version\ayyware csgo\esp.cpp(427): warning C4244: "Initialisierung": Konvertierung von "float" in "int", möglicher Datenverlust
c:\users\enrico\downloads\suicide_cc_main_version\ayyware csgo\esp.cpp(428): warning C4244: "Initialisierung": Konvertierung von "float" in "int", möglicher Datenverlust
c:\users\enrico\downloads\suicide_cc_main_version\ayyware csgo\esp.cpp(465): warning C4244: "Initialisierung": Konvertierung von "float" in "int", möglicher Datenverlust
c:\users\enrico\downloads\suicide_cc_main_version\ayyware csgo\esp.cpp(466): warning C4244: "Initialisierung": Konvertierung von "float" in "int", möglicher Datenverlust
c:\users\enrico\downloads\suicide_cc_main_version\ayyware csgo\esp.cpp(524): warning C4244: "Initialisierung": Konvertierung von "int" in "float", möglicher Datenverlust
c:\users\enrico\downloads\suicide_cc_main_version\ayyware csgo\esp.cpp(527): warning C4244: "=": Konvertierung von "float" in "int", möglicher Datenverlust
c:\users\enrico\downloads\suicide_cc_main_version\ayyware csgo\esp.cpp(532): warning C4244: "Argument": Konvertierung von "int" in "vec_t", möglicher Datenverlust
c:\users\enrico\downloads\suicide_cc_main_version\ayyware csgo\esp.cpp(533): warning C4244: "Argument": Konvertierung von "int" in "vec_t", möglicher Datenverlust
c:\users\enrico\downloads\suicide_cc_main_version\ayyware csgo\esp.cpp(534): warning C4244: "Argument": Konvertierung von "int" in "vec_t", möglicher Datenverlust
c:\users\enrico\downloads\suicide_cc_main_version\ayyware csgo\esp.cpp(535): warning C4244: "Argument": Konvertierung von "int" in "vec_t", möglicher Datenverlust
c:\users\enrico\downloads\suicide_cc_main_version\ayyware csgo\esp.cpp(540): warning C4244: "Argument": Konvertierung von "int" in "vec_t", möglicher Datenverlust
c:\users\enrico\downloads\suicide_cc_main_version\ayyware csgo\esp.cpp(541): warning C4244: "Argument": Konvertierung von "int" in "vec_t", möglicher Datenverlust
c:\users\enrico\downloads\suicide_cc_main_version\ayyware csgo\esp.cpp(542): warning C4244: "Argument": Konvertierung von "int" in "vec_t", möglicher Datenverlust
c:\users\enrico\downloads\suicide_cc_main_version\ayyware csgo\esp.cpp(543): warning C4244: "Argument": Konvertierung von "int" in "vec_t", möglicher Datenverlust
c:\users\enrico\downloads\suicide_cc_main_version\ayyware csgo\esp.cpp(548): warning C4244: "Argument": Konvertierung von "int" in "vec_t", möglicher Datenverlust
c:\users\enrico\downloads\suicide_cc_main_version\ayyware csgo\esp.cpp(549): warning C4244: "Argument": Konvertierung von "int" in "vec_t", möglicher Datenverlust
c:\users\enrico\downloads\suicide_cc_main_version\ayyware csgo\esp.cpp(550): warning C4244: "Argument": Konvertierung von "int" in "vec_t", möglicher Datenverlust
c:\users\enrico\downloads\suicide_cc_main_version\ayyware csgo\esp.cpp(551): warning C4244: "Argument": Konvertierung von "int" in "vec_t", möglicher Datenverlust
c:\users\enrico\downloads\suicide_cc_main_version\ayyware csgo\esp.cpp(561): warning C4244: "Initialisierung": Konvertierung von "int" in "float", möglicher Datenverlust
c:\users\enrico\downloads\suicide_cc_main_version\ayyware csgo\esp.cpp(564): warning C4244: "=": Konvertierung von "float" in "int", möglicher Datenverlust
c:\users\enrico\downloads\suicide_cc_main_version\ayyware csgo\esp.cpp(571): warning C4244: "Initialisierung": Konvertierung von "double" in "int", möglicher Datenverlust
c:\users\enrico\downloads\suicide_cc_main_version\ayyware csgo\esp.cpp(572): warning C4244: "Initialisierung": Konvertierung von "double" in "int", möglicher Datenverlust
c:\users\enrico\downloads\suicide_cc_main_version\ayyware csgo\esp.cpp(581): warning C4244: "Argument": Konvertierung von "double" in "int", möglicher Datenverlust
c:\users\enrico\downloads\suicide_cc_main_version\ayyware csgo\esp.cpp(594): warning C4244: "Initialisierung": Konvertierung von "int" in "float", möglicher Datenverlust
c:\users\enrico\downloads\suicide_cc_main_version\ayyware csgo\esp.cpp(597): warning C4244: "=": Konvertierung von "float" in "int", möglicher Datenverlust
c:\users\enrico\downloads\suicide_cc_main_version\ayyware csgo\esp.cpp(635): warning C4244: "Initialisierung": Konvertierung von "float" in "int", möglicher Datenverlust
c:\users\enrico\downloads\suicide_cc_main_version\ayyware csgo\esp.cpp(636): warning C4244: "Initialisierung": Konvertierung von "float" in "int", möglicher Datenverlust
c:\users\enrico\downloads\suicide_cc_main_version\ayyware csgo\esp.cpp(637): warning C4244: "Initialisierung": Konvertierung von "float" in "int", möglicher Datenverlust
c:\users\enrico\downloads\suicide_cc_main_version\ayyware csgo\esp.cpp(638): warning C4244: "Initialisierung": Konvertierung von "float" in "int", möglicher Datenverlust
c:\users\enrico\downloads\suicide_cc_main_version\ayyware csgo\esp.cpp(704): warning C4244: "Argument": Konvertierung von "vec_t" in "int", möglicher Datenverlust
c:\users\enrico\downloads\suicide_cc_main_version\ayyware csgo\esp.cpp(705): warning C4244: "Argument": Konvertierung von "vec_t" in "int", möglicher Datenverlust
c:\users\enrico\downloads\suicide_cc_main_version\ayyware csgo\esp.cpp(706): warning C4244: "Argument": Konvertierung von "vec_t" in "int", möglicher Datenverlust
c:\users\enrico\downloads\suicide_cc_main_version\ayyware csgo\esp.cpp(707): warning C4244: "Argument": Konvertierung von "vec_t" in "int", möglicher Datenverlust
c:\users\enrico\downloads\suicide_cc_main_version\ayyware csgo\esp.cpp(721): warning C4244: "Argument": Konvertierung von "vec_t" in "int", möglicher Datenverlust
c:\users\enrico\downloads\suicide_cc_main_version\ayyware csgo\esp.cpp(722): warning C4244: "Argument": Konvertierung von "vec_t" in "int", möglicher Datenverlust
c:\users\enrico\downloads\suicide_cc_main_version\ayyware csgo\esp.cpp(729): warning C4244: "Argument": Konvertierung von "vec_t" in "int", möglicher Datenverlust
c:\users\enrico\downloads\suicide_cc_main_version\ayyware csgo\esp.cpp(766): warning C4244: "Argument": Konvertierung von "vec_t" in "int", möglicher Datenverlust
c:\users\enrico\downloads\suicide_cc_main_version\ayyware csgo\esp.cpp(794): warning C4244: "Argument": Konvertierung von "vec_t" in "int", möglicher Datenverlust
c:\users\enrico\downloads\suicide_cc_main_version\ayyware csgo\esp.cpp(811): warning C4244: "Argument": Konvertierung von "vec_t" in "int", möglicher Datenverlust
c:\users\enrico\downloads\suicide_cc_main_version\ayyware csgo\esp.cpp(828): warning C4244: "Argument": Konvertierung von "vec_t" in "int", möglicher Datenverlust
c:\users\enrico\downloads\suicide_cc_main_version\ayyware csgo\esp.cpp(835): warning C4244: "Initialisierung": Konvertierung von "float" in "int", möglicher Datenverlust
c:\users\enrico\downloads\suicide_cc_main_version\ayyware csgo\esp.cpp(836): warning C4244: "Initialisierung": Konvertierung von "float" in "int", möglicher Datenverlust
c:\users\enrico\downloads\suicide_cc_main_version\ayyware csgo\esp.cpp(837): warning C4244: "Initialisierung": Konvertierung von "float" in "int", möglicher Datenverlust
c:\users\enrico\downloads\suicide_cc_main_version\ayyware csgo\esp.cpp(838): warning C4244: "Initialisierung": Konvertierung von "float" in "int", möglicher Datenverlust
c:\users\enrico\downloads\suicide_cc_main_version\ayyware csgo\esp.cpp(858): warning C4244: "Argument": Konvertierung von "vec_t" in "int", möglicher Datenverlust
c:\users\enrico\downloads\suicide_cc_main_version\ayyware csgo\esp.cpp(867): warning C4244: "Initialisierung": Konvertierung von "float" in "int", möglicher Datenverlust
c:\users\enrico\downloads\suicide_cc_main_version\ayyware csgo\esp.cpp(914): warning C4244: "Initialisierung": Konvertierung von "float" in "int", möglicher Datenverlust
c:\users\enrico\downloads\suicide_cc_main_version\ayyware csgo\esp.cpp(915): warning C4244: "Initialisierung": Konvertierung von "float" in "int", möglicher Datenverlust
c:\users\enrico\downloads\suicide_cc_main_version\ayyware csgo\esp.cpp(916): warning C4244: "Initialisierung": Konvertierung von "float" in "int", möglicher Datenverlust
c:\users\enrico\downloads\suicide_cc_main_version\ayyware csgo\esp.cpp(919): warning C4244: "Argument": Konvertierung von "vec_t" in "int", möglicher Datenverlust
c:\users\enrico\downloads\suicide_cc_main_version\ayyware csgo\esp.cpp(920): warning C4244: "Argument": Konvertierung von "vec_t" in "int", möglicher Datenverlust
  Entities.cpp
  Dumping.cpp
c:\users\enrico\downloads\suicide_cc_main_version\ayyware csgo\vector.h(196): warning C4244: "=": Konvertierung von "double" in "float", möglicher Datenverlust
c:\users\enrico\downloads\suicide_cc_main_version\ayyware csgo\vector.h(199): warning C4244: "Argument": Konvertierung von "double" in "vec_t", möglicher Datenverlust
c:\users\enrico\downloads\suicide_cc_main_version\ayyware csgo\vector.h(206): warning C4244: "Argument": Konvertierung von "double" in "const float", möglicher Datenverlust
c:\users\enrico\downloads\suicide_cc_main_version\ayyware csgo\vector.h(207): warning C4244: "Argument": Konvertierung von "double" in "const float", möglicher Datenverlust
c:\users\enrico\downloads\suicide_cc_main_version\ayyware csgo\entities.h(818): warning C4244: "Argument": Konvertierung von "ULONGLONG" in "float", möglicher Datenverlust
  DLLMain.cpp
c:\users\enrico\downloads\suicide_cc_main_version\ayyware csgo\vector.h(196): warning C4244: "=": Konvertierung von "double" in "float", möglicher Datenverlust
c:\users\enrico\downloads\suicide_cc_main_version\ayyware csgo\vector.h(199): warning C4244: "Argument": Konvertierung von "double" in "vec_t", möglicher Datenverlust
c:\users\enrico\downloads\suicide_cc_main_version\ayyware csgo\vector.h(206): warning C4244: "Argument": Konvertierung von "double" in "const float", möglicher Datenverlust
c:\users\enrico\downloads\suicide_cc_main_version\ayyware csgo\vector.h(207): warning C4244: "Argument": Konvertierung von "double" in "const float", möglicher Datenverlust
c:\users\enrico\downloads\suicide_cc_main_version\ayyware csgo\entities.h(818): warning C4244: "Argument": Konvertierung von "ULONGLONG" in "float", möglicher Datenverlust
c:\users\enrico\downloads\suicide_cc_main_version\ayyware csgo\antileak.h(151): error C4996: 'GetVersionExA': wurde als veraltet deklariert
  c:\program files (x86)\windows kits\8.1\include\um\sysinfoapi.h(433): note: Siehe Deklaration von "GetVersionExA"
  CRC32.cpp
  Controls.cpp
c:\users\enrico\downloads\suicide_cc_main_version\ayyware csgo\vector.h(196): warning C4244: "=": Konvertierung von "double" in "float", möglicher Datenverlust
c:\users\enrico\downloads\suicide_cc_main_version\ayyware csgo\vector.h(199): warning C4244: "Argument": Konvertierung von "double" in "vec_t", möglicher Datenverlust
c:\users\enrico\downloads\suicide_cc_main_version\ayyware csgo\vector.h(206): warning C4244: "Argument": Konvertierung von "double" in "const float", möglicher Datenverlust
c:\users\enrico\downloads\suicide_cc_main_version\ayyware csgo\vector.h(207): warning C4244: "Argument": Konvertierung von "double" in "const float", möglicher Datenverlust
c:\users\enrico\downloads\suicide_cc_main_version\ayyware csgo\entities.h(818): warning C4244: "Argument": Konvertierung von "ULONGLONG" in "float", möglicher Datenverlust
c:\users\enrico\downloads\suicide_cc_main_version\ayyware csgo\controls.cpp(263): warning C4244: "Initialisierung": Konvertierung von "float" in "int", möglicher Datenverlust
c:\users\enrico\downloads\suicide_cc_main_version\ayyware csgo\controls.cpp(281): warning C4244: "Initialisierung": Konvertierung von "float" in "int", möglicher Datenverlust
c:\users\enrico\downloads\suicide_cc_main_version\ayyware csgo\controls.cpp(294): warning C4244: "=": Konvertierung von "float" in "int", möglicher Datenverlust
c:\users\enrico\downloads\suicide_cc_main_version\ayyware csgo\controls.cpp(307): warning C4244: "Initialisierung": Konvertierung von "float" in "int", möglicher Datenverlust
c:\users\enrico\downloads\suicide_cc_main_version\ayyware csgo\controls.cpp(328): warning C4244: "Initialisierung": Konvertierung von "float" in "int", möglicher Datenverlust
c:\users\enrico\downloads\suicide_cc_main_version\ayyware csgo\controls.cpp(349): warning C4244: "Initialisierung": Konvertierung von "float" in "int", möglicher Datenverlust
c:\users\enrico\downloads\suicide_cc_main_version\ayyware csgo\controls.cpp(402): warning C4244: "Argument": Konvertierung von "float" in "int", möglicher Datenverlust
c:\users\enrico\downloads\suicide_cc_main_version\ayyware csgo\controls.cpp(410): warning C4244: "Argument": Konvertierung von "float" in "int", möglicher Datenverlust
c:\users\enrico\downloads\suicide_cc_main_version\ayyware csgo\controls.cpp(418): warning C4244: "Argument": Konvertierung von "float" in "int", möglicher Datenverlust
c:\users\enrico\downloads\suicide_cc_main_version\ayyware csgo\controls.cpp(426): warning C4244: "Argument": Konvertierung von "float" in "int", möglicher Datenverlust
c:\users\enrico\downloads\suicide_cc_main_version\ayyware csgo\controls.cpp(441): warning C4244: "Argument": Konvertierung von "float" in "int", möglicher Datenverlust
c:\users\enrico\downloads\suicide_cc_main_version\ayyware csgo\controls.cpp(443): warning C4244: "Argument": Konvertierung von "float" in "int", möglicher Datenverlust
c:\users\enrico\downloads\suicide_cc_main_version\ayyware csgo\controls.cpp(457): warning C4244: "=": Konvertierung von "LONG" in "float", möglicher Datenverlust
c:\users\enrico\downloads\suicide_cc_main_version\ayyware csgo\controls.cpp(459): warning C4244: "=": Konvertierung von "int" in "float", möglicher Datenverlust
c:\users\enrico\downloads\suicide_cc_main_version\ayyware csgo\controls.cpp(526): warning C4244: "Argument": Konvertierung von "float" in "int", möglicher Datenverlust
c:\users\enrico\downloads\suicide_cc_main_version\ayyware csgo\controls.cpp(534): warning C4244: "Argument": Konvertierung von "float" in "int", möglicher Datenverlust
c:\users\enrico\downloads\suicide_cc_main_version\ayyware csgo\controls.cpp(542): warning C4244: "Argument": Konvertierung von "float" in "int", möglicher Datenverlust
c:\users\enrico\downloads\suicide_cc_main_version\ayyware csgo\controls.cpp(550): warning C4244: "Argument": Konvertierung von "float" in "int", möglicher Datenverlust
c:\users\enrico\downloads\suicide_cc_main_version\ayyware csgo\controls.cpp(565): warning C4244: "Argument": Konvertierung von "float" in "int", möglicher Datenverlust
c:\users\enrico\downloads\suicide_cc_main_version\ayyware csgo\controls.cpp(567): warning C4244: "Argument": Konvertierung von "float" in "int", möglicher Datenverlust
c:\users\enrico\downloads\suicide_cc_main_version\ayyware csgo\controls.cpp(581): warning C4244: "=": Konvertierung von "LONG" in "float", möglicher Datenverlust
c:\users\enrico\downloads\suicide_cc_main_version\ayyware csgo\controls.cpp(583): warning C4244: "=": Konvertierung von "int" in "float", möglicher Datenverlust
c:\users\enrico\downloads\suicide_cc_main_version\ayyware csgo\controls.cpp(773): warning C4553: "==": Operator hat keine Auswirkungen; ist "=" beabsichtigt?
c:\users\enrico\downloads\suicide_cc_main_version\ayyware csgo\controls.cpp(860): warning C4018: "<": Konflikt zwischen "signed" und "unsigned"
c:\users\enrico\downloads\suicide_cc_main_version\ayyware csgo\controls.cpp(876): warning C4244: "=": Konvertierung von "LONG" in "vec_t", möglicher Datenverlust
c:\users\enrico\downloads\suicide_cc_main_version\ayyware csgo\controls.cpp(877): warning C4244: "=": Konvertierung von "LONG" in "vec_t", möglicher Datenverlust
c:\users\enrico\downloads\suicide_cc_main_version\ayyware csgo\controls.cpp(878): warning C4244: "=": Konvertierung von "LONG" in "vec_t", möglicher Datenverlust
c:\users\enrico\downloads\suicide_cc_main_version\ayyware csgo\controls.cpp(879): warning C4244: "=": Konvertierung von "LONG" in "vec_t", möglicher Datenverlust
c:\users\enrico\downloads\suicide_cc_main_version\ayyware csgo\controls.cpp(880): warning C4244: "=": Konvertierung von "double" in "vec_t", möglicher Datenverlust
c:\users\enrico\downloads\suicide_cc_main_version\ayyware csgo\controls.cpp(881): warning C4244: "=": Konvertierung von "LONG" in "vec_t", möglicher Datenverlust
c:\users\enrico\downloads\suicide_cc_main_version\ayyware csgo\controls.cpp(919): warning C4018: "<": Konflikt zwischen "signed" und "unsigned"
c:\users\enrico\downloads\suicide_cc_main_version\ayyware csgo\controls.cpp(953): warning C4018: "<": Konflikt zwischen "signed" und "unsigned"
c:\users\enrico\downloads\suicide_cc_main_version\ayyware csgo\controls.cpp(963): warning C4018: "<": Konflikt zwischen "signed" und "unsigned"
  Chams.cpp
c:\users\enrico\downloads\suicide_cc_main_version\ayyware csgo\vector.h(196): warning C4244: "=": Konvertierung von "double" in "float", möglicher Datenverlust
c:\users\enrico\downloads\suicide_cc_main_version\ayyware csgo\vector.h(199): warning C4244: "Argument": Konvertierung von "double" in "vec_t", möglicher Datenverlust
c:\users\enrico\downloads\suicide_cc_main_version\ayyware csgo\vector.h(206): warning C4244: "Argument": Konvertierung von "double" in "const float", möglicher Datenverlust
c:\users\enrico\downloads\suicide_cc_main_version\ayyware csgo\vector.h(207): warning C4244: "Argument": Konvertierung von "double" in "const float", möglicher Datenverlust
c:\users\enrico\downloads\suicide_cc_main_version\ayyware csgo\entities.h(818): warning C4244: "Argument": Konvertierung von "ULONGLONG" in "float", möglicher Datenverlust
c:\users\enrico\downloads\suicide_cc_main_version\ayyware csgo\chams.cpp(82): warning C4838: Konvertierung von "int" zu "float" erfordert eine einschränkende Konvertierung
c:\users\enrico\downloads\suicide_cc_main_version\ayyware csgo\chams.cpp(82): warning C4244: "Initialisierung": Konvertierung von "int" in "float", möglicher Datenverlust
c:\users\enrico\downloads\suicide_cc_main_version\ayyware csgo\chams.cpp(89): warning C4244: "Initialisierung": Konvertierung von "int" in "float", möglicher Datenverlust
  Autowall.cpp
c:\users\enrico\downloads\suicide_cc_main_version\ayyware csgo\vector.h(196): warning C4244: "=": Konvertierung von "double" in "float", möglicher Datenverlust
c:\users\enrico\downloads\suicide_cc_main_version\ayyware csgo\vector.h(199): warning C4244: "Argument": Konvertierung von "double" in "vec_t", möglicher Datenverlust
c:\users\enrico\downloads\suicide_cc_main_version\ayyware csgo\vector.h(206): warning C4244: "Argument": Konvertierung von "double" in "const float", möglicher Datenverlust
c:\users\enrico\downloads\suicide_cc_main_version\ayyware csgo\vector.h(207): warning C4244: "Argument": Konvertierung von "double" in "const float", möglicher Datenverlust
c:\users\enrico\downloads\suicide_cc_main_version\ayyware csgo\entities.h(818): warning C4244: "Argument": Konvertierung von "ULONGLONG" in "float", möglicher Datenverlust
c:\users\enrico\downloads\suicide_cc_main_version\ayyware csgo\autowall.cpp(126): warning C4244: "*=": Konvertierung von "double" in "float", möglicher Datenverlust
c:\users\enrico\downloads\suicide_cc_main_version\ayyware csgo\autowall.cpp(141): warning C4244: "*=": Konvertierung von "double" in "float", möglicher Datenverlust
  AntiAntiAim.cpp
c:\users\enrico\downloads\suicide_cc_main_version\ayyware csgo\vector.h(196): warning C4244: "=": Konvertierung von "double" in "float", möglicher Datenverlust
c:\users\enrico\downloads\suicide_cc_main_version\ayyware csgo\vector.h(199): warning C4244: "Argument": Konvertierung von "double" in "vec_t", möglicher Datenverlust
c:\users\enrico\downloads\suicide_cc_main_version\ayyware csgo\vector.h(206): warning C4244: "Argument": Konvertierung von "double" in "const float", möglicher Datenverlust
c:\users\enrico\downloads\suicide_cc_main_version\ayyware csgo\vector.h(207): warning C4244: "Argument": Konvertierung von "double" in "const float", möglicher Datenverlust
c:\users\enrico\downloads\suicide_cc_main_version\ayyware csgo\entities.h(818): warning C4244: "Argument": Konvertierung von "ULONGLONG" in "float", möglicher Datenverlust
c:\users\enrico\downloads\suicide_cc_main_version\ayyware csgo\antiantiaim.cpp(230): warning C4244: "Initialisierung": Konvertierung von "float" in "int", möglicher Datenverlust
c:\users\enrico\downloads\suicide_cc_main_version\ayyware csgo\antiantiaim.cpp(231): warning C4244: "Initialisierung": Konvertierung von "float" in "int", möglicher Datenverlust
c:\users\enrico\downloads\suicide_cc_main_version\ayyware csgo\antiantiaim.cpp(232): warning C4244: "Initialisierung": Konvertierung von "float" in "int", möglicher Datenverlust
c:\users\enrico\downloads\suicide_cc_main_version\ayyware csgo\antiantiaim.cpp(233): warning C4244: "Initialisierung": Konvertierung von "float" in "int", möglicher Datenverlust
c:\users\enrico\downloads\suicide_cc_main_version\ayyware csgo\antiantiaim.cpp(234): warning C4244: "Initialisierung": Konvertierung von "float" in "int", möglicher Datenverlust
c:\users\enrico\downloads\suicide_cc_main_version\ayyware csgo\antiantiaim.cpp(269): warning C4244: "=": Konvertierung von "int" in "float", möglicher Datenverlust
c:\users\enrico\downloads\suicide_cc_main_version\ayyware csgo\antiantiaim.cpp(274): warning C4244: "=": Konvertierung von "int" in "float", möglicher Datenverlust
c:\users\enrico\downloads\suicide_cc_main_version\ayyware csgo\antiantiaim.cpp(258): warning C4101: "bHasAA": Unreferenzierte lokale Variable
c:\users\enrico\downloads\suicide_cc_main_version\ayyware csgo\antiantiaim.cpp(259): warning C4101: "bSpinbot": Unreferenzierte lokale Variable
  Code wird generiert...
c:\users\enrico\downloads\suicide_cc_main_version\ayyware csgo\gui.cpp(359): error C4700: Die nicht initialisierte lokale Variable "xAxis" wurde verwendet.
